{
  "F:\\Projects\\Roadoxe\\src\\services\\application.service.ts": {
    "path": "F:\\Projects\\Roadoxe\\src\\services\\application.service.ts",
    "statementMap": {
      "0": { "start": { "line": 1, "column": 0 }, "end": { "line": 1, "column": 37 } },
      "1": { "start": { "line": 4, "column": 0 }, "end": { "line": 4, "column": 13 } },
      "2": { "start": { "line": 5, "column": 4 }, "end": { "line": 7, "column": null } },
      "3": { "start": { "line": 6, "column": 8 }, "end": { "line": 6, "column": 44 } },
      "4": { "start": { "line": 4, "column": 13 }, "end": { "line": 8, "column": null } },
      "5": { "start": { "line": 8, "column": 0 }, "end": { "line": 8, "column": null } }
    },
    "fnMap": {
      "0": {
        "name": "(anonymous_1)",
        "decl": { "start": { "line": 4, "column": 0 }, "end": { "line": 4, "column": 13 } },
        "loc": { "start": { "line": 4, "column": 0 }, "end": { "line": 4, "column": 13 } }
      },
      "1": {
        "name": "(anonymous_3)",
        "decl": { "start": { "line": 5, "column": 4 }, "end": { "line": 5, "column": 12 } },
        "loc": { "start": { "line": 5, "column": 4 }, "end": { "line": 7, "column": 5 } }
      }
    },
    "branchMap": {},
    "s": { "0": 1, "1": 1, "2": 1, "3": 1, "4": 1, "5": 1 },
    "f": { "0": 2, "1": 1 },
    "b": {}
  }
}
